2025-10-28 16:19:32,388 - INFO - 🎯 INICIANDO LIMPEZA DE DADOS FAKE E REPROCESSAMENTO
2025-10-28 16:19:32,388 - INFO - ============================================================
2025-10-28 16:19:32,388 - INFO - 📁 Arquivos REAIS encontrados: 50
2025-10-28 16:19:32,388 - INFO -    📄 00-MF-12_2016-03-31.S40
2025-10-28 16:19:32,388 - INFO -    📄 00-MF-14_2016-03-31.S40
2025-10-28 16:19:32,388 - INFO -    📄 00-MF-24_2024-09-10.S40
2025-10-28 16:19:32,388 - INFO -    📄 P122 52-MF-02A_2021-03-08.pdf
2025-10-28 16:19:32,388 - INFO -    📄 P122 52-MF-03A1_2021-03-11.pdf
2025-10-28 16:19:32,388 - INFO -    📄 P122_204-MF-2B1_2014-07-28.pdf
2025-10-28 16:19:32,388 - INFO -    📄 P122_204-PN-04_2014-08-02.pdf
2025-10-28 16:19:32,388 - INFO -    📄 P122_204-PN-05_2014-08-09.pdf
2025-10-28 16:19:32,388 - INFO -    📄 P122_204-PN-06_LADO_A_2014-08-01.pdf
2025-10-28 16:19:32,388 - INFO -    📄 P122_204-PN-06_LADO_B_2014-08-09.pdf
2025-10-28 16:19:32,388 - INFO -    📄 P122_205-TF-3A_2021-03-08.pdf
2025-10-28 16:19:32,388 - INFO -    📄 P122_205-TF-3B_2018-06-13.pdf
2025-10-28 16:19:32,388 - INFO -    📄 P122_52-MP-20_2018-08-20.pdf
2025-10-28 16:19:32,388 - INFO -    📄 P122_52-Z-08_L_PATIO_2014-08-06.pdf
2025-10-28 16:19:32,388 - INFO -    📄 P122_52-Z-08_L_REATOR_2014-08-07.pdf
2025-10-28 16:19:32,388 - INFO -    📄 P143 52-MF-03A.pdf
2025-10-28 16:19:32,388 - INFO -    📄 P143_204-MF-03B_2014-08-14.pdf
2025-10-28 16:19:32,388 - INFO -    📄 P143_204-MF-2A_2018-06-13.pdf
2025-10-28 16:19:32,388 - INFO -    📄 P143_204-MF-2B_2018-06-13.pdf
2025-10-28 16:19:32,388 - INFO -    📄 P143_204-MF-2C_2018-06-13.pdf
2025-10-28 16:19:32,388 - INFO -    📄 P143_204-MF-3C_2014-08-09.pdf
2025-10-28 16:19:32,388 - INFO -    📄 P220 223-MP-01A.pdf
2025-10-28 16:19:32,388 - INFO -    📄 P220 223-MP-01B.pdf
2025-10-28 16:19:32,388 - INFO -    📄 P220 52-MP-01A.pdf
2025-10-28 16:19:32,389 - INFO -    📄 P220 52-MP-04A.pdf
2025-10-28 16:19:32,389 - INFO -    📄 P220 52-MP-04B.pdf
2025-10-28 16:19:32,389 - INFO -    📄 P220 52-MP-06A.pdf
2025-10-28 16:19:32,389 - INFO -    📄 P220 52-MP-06B.pdf
2025-10-28 16:19:32,389 - INFO -    📄 P220 52-MP-08A.pdf
2025-10-28 16:19:32,389 - INFO -    📄 P220 52-MP-21A.pdf
2025-10-28 16:19:32,389 - INFO -    📄 P220 52-MP-21B.pdf
2025-10-28 16:19:32,389 - INFO -    📄 P220 52-MP-29B.pdf
2025-10-28 16:19:32,389 - INFO -    📄 P220 52-MP-30.pdf
2025-10-28 16:19:32,389 - INFO -    📄 P220 53-MP-01A.pdf
2025-10-28 16:19:32,389 - INFO -    📄 P220 53-MP-01B.pdf
2025-10-28 16:19:32,389 - INFO -    📄 P220 53-MP-08A.pdf
2025-10-28 16:19:32,389 - INFO -    📄 P220 53-MP-08B.pdf
2025-10-28 16:19:32,389 - INFO -    📄 P220-52-MP-08B_2016-03-11.pdf
2025-10-28 16:19:32,389 - INFO -    📄 P220_52-MK-02A_2020-07-08.pdf
2025-10-28 16:19:32,389 - INFO -    📄 P220_52-MK-02B_2017-11-07.pdf
2025-10-28 16:19:32,389 - INFO -    📄 P220_54-MP-1A_2018-11-13.pdf
2025-10-28 16:19:32,389 - INFO -    📄 P241_52-MP-20_2019-08-15.pdf
2025-10-28 16:19:32,389 - INFO -    📄 P241_53-MK-01_2019-08-15.pdf
2025-10-28 16:19:32,389 - INFO -    📄 P922 52-MF-01BC.pdf
2025-10-28 16:19:32,389 - INFO -    📄 P922 52-MF-02AC.pdf
2025-10-28 16:19:32,389 - INFO -    📄 P922 52-MF-03AC.pdf
2025-10-28 16:19:32,389 - INFO -    📄 P922 52-MF-03BC.pdf
2025-10-28 16:19:32,389 - INFO -    📄 P922 52-MF-2BC_2021-03-06.pdf
2025-10-28 16:19:32,389 - INFO -    📄 P922S_204-MF-1AC_2014-07-28.pdf
2025-10-28 16:19:32,389 - INFO -    📄 P_122 52-MF-03B1_2021-03-17.pdf
2025-10-28 16:19:32,389 - INFO - 🧹 Limpando diretório: outputs/csv
2025-10-28 16:19:32,389 - INFO - 🧹 Limpando diretório: outputs/norm_csv
2025-10-28 16:19:32,390 - INFO - 🧹 Limpando diretório: outputs/excel
2025-10-28 16:19:32,390 - INFO - 🧹 Limpando diretório: outputs/norm_excel
2025-10-28 16:19:32,390 - INFO - 🧹 Total de arquivos FAKE removidos: 0
2025-10-28 16:19:32,430 - ERROR - ❌ Erro ao conectar PostgreSQL: connection to server at "localhost" (::1), port 5432 failed: FATAL:  database "protecai_development" does not exist

2025-10-28 16:19:32,430 - ERROR - ❌ Erro na limpeza do banco
