2025-10-28 17:15:56,360 - INFO - 🎯 INICIANDO CORREÇÃO FINAL DA ARQUITETURA - MAPEAMENTO EXATO
2025-10-28 17:15:56,360 - INFO - ============================================================
2025-10-28 17:15:56,380 - INFO - ✅ Conectado ao PostgreSQL
2025-10-28 17:15:56,390 - INFO - 🧹 Dados limpos
2025-10-28 17:15:56,396 - INFO - ✅ Conectado ao PostgreSQL
2025-10-28 17:15:56,403 - INFO - ✅ Conectado ao PostgreSQL
2025-10-28 17:15:56,404 - INFO - 📄 EXATO: REL-SEPAMS40-00-MF-122016-0 -> 00-MF-12_2016-03-31_params.csv
2025-10-28 17:15:56,406 - INFO - 📄 EXATO: REL-SEPAMS40-00-MF-142016-0 -> 00-MF-14_2016-03-31_params.csv
2025-10-28 17:15:56,408 - INFO - 📄 EXATO: REL-SEPAMS40-00-MF-242024-0 -> 00-MF-24_2024-09-10_params.csv
2025-10-28 17:15:56,410 - INFO - 📄 EXATO: REL-P122-P12252-MF-02A -> P122 52-MF-02A_2021-03-08_params.csv
2025-10-28 17:15:56,432 - INFO - 📄 EXATO: REL-P122-P12252-MF-03A1 -> P122 52-MF-03A1_2021-03-11_params.csv
2025-10-28 17:15:56,450 - INFO - 📄 EXATO: REL-P122-P122204-MF-2B1 -> P122_204-MF-2B1_2014-07-28_params.csv
2025-10-28 17:15:56,466 - INFO - 📄 EXATO: REL-P122-P122204-PN-04 -> P122_204-PN-04_2014-08-02_params.csv
2025-10-28 17:15:56,480 - INFO - 📄 EXATO: REL-P122-P122204-PN-05 -> P122_204-PN-05_2014-08-09_params.csv
2025-10-28 17:15:56,492 - INFO - 📄 EXATO: REL-P122-P122204-PN-06 -> P122_204-PN-06_LADO_A_2014-08-01_params.csv
2025-10-28 17:15:56,506 - INFO - 📄 EXATO: REL-P122-P122204-PN-06-f291841f -> P122_204-PN-06_LADO_B_2014-08-09_params.csv
2025-10-28 17:15:56,523 - INFO - 📄 EXATO: REL-P122-P122205-TF-3A -> P122_205-TF-3A_2021-03-08_params.csv
2025-10-28 17:15:56,535 - INFO - 📄 EXATO: REL-P122-P122205-TF-3B -> P122_205-TF-3B_2018-06-13_params.csv
2025-10-28 17:15:56,549 - INFO - 📄 EXATO: REL-P122-P12252-MP-202 -> P122_52-MP-20_2018-08-20_params.csv
2025-10-28 17:15:56,559 - INFO - 📄 EXATO: REL-P122-P12252-Z-08L -> P122_52-Z-08_L_PATIO_2014-08-06_params.csv
2025-10-28 17:15:56,572 - INFO - 📄 EXATO: REL-P122-P12252-Z-08L-8cdd528c -> P122_52-Z-08_L_REATOR_2014-08-07_params.csv
2025-10-28 17:15:56,587 - INFO - 📄 EXATO: REL-P143-P14352-MF-03A -> P143 52-MF-03A_params.csv
2025-10-28 17:15:56,588 - INFO - 📄 EXATO: REL-P143-P143204-MF-03B -> P143_204-MF-03B_2014-08-14_params.csv
2025-10-28 17:15:56,589 - INFO - 📄 EXATO: REL-P143-P143204-MF-2A -> P143_204-MF-2A_2018-06-13_params.csv
2025-10-28 17:15:56,589 - INFO - 📄 EXATO: REL-P143-P143204-MF-2B -> P143_204-MF-2B_2018-06-13_params.csv
2025-10-28 17:15:56,590 - INFO - 📄 EXATO: REL-P143-P143204-MF-2C -> P143_204-MF-2C_2018-06-13_params.csv
2025-10-28 17:15:56,590 - INFO - 📄 EXATO: REL-P143-P143204-MF-3C -> P143_204-MF-3C_2014-08-09_params.csv
2025-10-28 17:15:56,591 - INFO - 📄 EXATO: REL-P122-P220223-MP-01A -> P220 223-MP-01A_params.csv
2025-10-28 17:15:56,599 - INFO - 📄 EXATO: REL-P122-P220223-MP-01B -> P220 223-MP-01B_params.csv
2025-10-28 17:15:56,607 - INFO - 📄 EXATO: REL-P122-P22052-MP-01A -> P220 52-MP-01A_params.csv
2025-10-28 17:15:56,619 - INFO - 📄 EXATO: REL-P122-P22052-MP-04A -> P220 52-MP-04A_params.csv
2025-10-28 17:15:56,633 - INFO - 📄 EXATO: REL-P122-P22052-MP-04B -> P220 52-MP-04B_params.csv
2025-10-28 17:15:56,642 - INFO - 📄 EXATO: REL-P122-P22052-MP-06A -> P220 52-MP-06A_params.csv
2025-10-28 17:15:56,654 - INFO - 📄 EXATO: REL-P122-P22052-MP-06B -> P220 52-MP-06B_params.csv
2025-10-28 17:15:56,665 - INFO - 📄 EXATO: REL-P122-P22052-MP-08A -> P220 52-MP-08A_params.csv
2025-10-28 17:15:56,675 - INFO - 📄 EXATO: REL-P122-P22052-MP-21A -> P220 52-MP-21A_params.csv
2025-10-28 17:15:56,688 - INFO - 📄 EXATO: REL-P122-P22052-MP-21B -> P220 52-MP-21B_params.csv
2025-10-28 17:15:56,699 - INFO - 📄 EXATO: REL-P122-P22052-MP-29B -> P220 52-MP-29B_params.csv
2025-10-28 17:15:56,712 - INFO - 📄 EXATO: REL-P122-P22052-MP-30 -> P220 52-MP-30_params.csv
2025-10-28 17:15:56,722 - INFO - 📄 EXATO: REL-P122-P22053-MP-01A -> P220 53-MP-01A_params.csv
2025-10-28 17:15:56,732 - INFO - 📄 EXATO: REL-P122-P22053-MP-01B -> P220 53-MP-01B_params.csv
2025-10-28 17:15:56,743 - INFO - 📄 EXATO: REL-P122-P22053-MP-08A -> P220 53-MP-08A_params.csv
2025-10-28 17:15:56,755 - INFO - 📄 EXATO: REL-P122-P22053-MP-08B -> P220 53-MP-08B_params.csv
2025-10-28 17:15:56,766 - INFO - 📄 EXATO: REL-P122-P220-52-MP-08B -> P220-52-MP-08B_2016-03-11_params.csv
2025-10-28 17:15:56,775 - INFO - 📄 EXATO: REL-P122-P22052-MK-02A -> P220_52-MK-02A_2020-07-08_params.csv
2025-10-28 17:15:56,785 - INFO - 📄 EXATO: REL-P122-P22052-MK-02B -> P220_52-MK-02B_2017-11-07_params.csv
2025-10-28 17:15:56,798 - INFO - 📄 EXATO: REL-P122-P22054-MP-1A2 -> P220_54-MP-1A_2018-11-13_params.csv
2025-10-28 17:15:56,809 - INFO - 📄 EXATO: REL-P241-P24152-MP-202 -> P241_52-MP-20_2019-08-15_params.csv
2025-10-28 17:15:56,810 - INFO - 📄 EXATO: REL-P241-P24153-MK-012 -> P241_53-MK-01_2019-08-15_params.csv
2025-10-28 17:15:56,811 - INFO - 📄 EXATO: REL-P122-P92252-MF-01BC -> P922 52-MF-01BC_params.csv
2025-10-28 17:15:56,819 - INFO - 📄 EXATO: REL-P122-P92252-MF-02AC -> P922 52-MF-02AC_params.csv
2025-10-28 17:15:56,826 - INFO - 📄 EXATO: REL-P122-P92252-MF-03AC -> P922 52-MF-03AC_params.csv
2025-10-28 17:15:56,835 - INFO - 📄 EXATO: REL-P122-P92252-MF-03BC -> P922 52-MF-03BC_params.csv
2025-10-28 17:15:56,843 - INFO - 📄 EXATO: REL-P122-P92252-MF-2BC -> P922 52-MF-2BC_2021-03-06_params.csv
2025-10-28 17:15:56,848 - INFO - 📄 EXATO: REL-P122-P922S204-MF-1A -> P922S_204-MF-1AC_2014-07-28_params.csv
2025-10-28 17:15:56,858 - INFO - 📄 EXATO: REL-P122-P12252-MF-03B -> P_122 52-MF-03B1_2021-03-17_params.csv
2025-10-28 17:15:56,879 - INFO - ============================================================
2025-10-28 17:15:56,879 - INFO - 📊 RESULTADO FINAL - MAPEAMENTO EXATO:
2025-10-28 17:15:56,879 - INFO -    📁 Arquivos processados: 50/50
2025-10-28 17:15:56,879 - INFO -    🔧 Funções no banco: 158
2025-10-28 17:15:56,879 - INFO -    ✅ Funções ativas: 23
2025-10-28 17:15:56,879 - INFO -    ❌ Funções inativas: 135
2025-10-28 17:15:56,879 - INFO -    ⚙️ Settings no banco: 218
2025-10-28 17:15:56,879 - INFO - ============================================================
2025-10-28 17:15:56,879 - INFO - 🎉 MAPEAMENTO EXATO 1:1 CONCLUÍDO!
