2025-10-28 17:02:07,271 - INFO - 🎯 INICIANDO CORREÇÃO DA ARQUITETURA DATABASE
2025-10-28 17:02:07,271 - INFO - ============================================================
2025-10-28 17:02:07,291 - INFO - ✅ Conectado ao PostgreSQL
2025-10-28 17:02:07,304 - INFO - 🧹 Dados problemáticos removidos
2025-10-28 17:02:07,312 - INFO - ✅ Conectado ao PostgreSQL
2025-10-28 17:02:07,313 - INFO - 🔧 Criando tabela equipment_protection_functions...
2025-10-28 17:02:07,315 - INFO - 🔧 Verificando coluna is_enabled em relay_settings...
2025-10-28 17:02:07,324 - INFO - ✅ Nova estrutura criada com sucesso
2025-10-28 17:02:07,331 - INFO - ✅ Conectado ao PostgreSQL
2025-10-28 17:02:07,337 - INFO - ✅ Conectado ao PostgreSQL
2025-10-28 17:02:07,341 - INFO - 📄 Processando: REL-SEPAMS40-00-MF-122016-0 -> 00-MF-24_2024-09-10_params.csv
2025-10-28 17:02:07,343 - INFO - 📄 Processando: REL-SEPAMS40-00-MF-142016-0 -> 00-MF-24_2024-09-10_params.csv
2025-10-28 17:02:07,345 - INFO - 📄 Processando: REL-SEPAMS40-00-MF-242024-0 -> 00-MF-24_2024-09-10_params.csv
2025-10-28 17:02:07,347 - INFO - 📄 Processando: REL-P122-P12252-MF-02A -> P122 52-MF-02A_2021-03-08_params.csv
2025-10-28 17:02:07,366 - INFO - 📄 Processando: REL-P122-P12252-MF-03A1 -> P122 52-MF-03A1_2021-03-11_params.csv
2025-10-28 17:02:07,384 - INFO - 📄 Processando: REL-P122-P122204-MF-2B1 -> P122_204-MF-2B1_2014-07-28_params.csv
2025-10-28 17:02:07,401 - INFO - 📄 Processando: REL-P122-P122204-PN-04 -> P122_204-PN-04_2014-08-02_params.csv
2025-10-28 17:02:07,419 - INFO - 📄 Processando: REL-P122-P122204-PN-05 -> P122_205-TF-3A_2021-03-08_params.csv
2025-10-28 17:02:07,433 - INFO - 📄 Processando: REL-P122-P122204-PN-06 -> P122_204-PN-06_LADO_B_2014-08-09_params.csv
2025-10-28 17:02:07,445 - INFO - 📄 Processando: REL-P122-P122204-PN-06-f291841f -> P122_52-MP-20_2018-08-20_params.csv
2025-10-28 17:02:07,456 - INFO - 📄 Processando: REL-P122-P122205-TF-3A -> P122_205-TF-3A_2021-03-08_params.csv
2025-10-28 17:02:07,470 - INFO - 📄 Processando: REL-P122-P122205-TF-3B -> P122_205-TF-3B_2018-06-13_params.csv
2025-10-28 17:02:07,483 - INFO - 📄 Processando: REL-P122-P12252-MP-202 -> P122 52-MF-02A_2021-03-08_params.csv
2025-10-28 17:02:07,496 - INFO - 📄 Processando: REL-P122-P12252-Z-08L -> P122_52-MP-20_2018-08-20_params.csv
2025-10-28 17:02:07,509 - INFO - 📄 Processando: REL-P122-P12252-Z-08L-8cdd528c -> P122_52-MP-20_2018-08-20_params.csv
2025-10-28 17:02:07,518 - INFO - 📄 Processando: REL-P143-P14352-MF-03A -> P143 52-MF-03A_params.csv
2025-10-28 17:02:07,520 - INFO - 📄 Processando: REL-P143-P143204-MF-03B -> P143_204-MF-03B_2014-08-14_params.csv
2025-10-28 17:02:07,521 - INFO - 📄 Processando: REL-P143-P143204-MF-2A -> P143_204-MF-2A_2018-06-13_params.csv
2025-10-28 17:02:07,522 - INFO - 📄 Processando: REL-P143-P143204-MF-2B -> P143_204-MF-2B_2018-06-13_params.csv
2025-10-28 17:02:07,523 - INFO - 📄 Processando: REL-P143-P143204-MF-2C -> P143_204-MF-2C_2018-06-13_params.csv
2025-10-28 17:02:07,523 - INFO - 📄 Processando: REL-P143-P143204-MF-3C -> P143_204-MF-3C_2014-08-09_params.csv
2025-10-28 17:02:07,524 - INFO - 📄 Processando: REL-P122-P220223-MP-01A -> P122_52-MP-20_2018-08-20_params.csv
2025-10-28 17:02:07,536 - INFO - 📄 Processando: REL-P122-P220223-MP-01B -> P122_52-MP-20_2018-08-20_params.csv
2025-10-28 17:02:07,547 - INFO - 📄 Processando: REL-P122-P22052-MP-01A -> P122_52-MP-20_2018-08-20_params.csv
2025-10-28 17:02:07,559 - INFO - 📄 Processando: REL-P122-P22052-MP-04A -> P122_52-MP-20_2018-08-20_params.csv
2025-10-28 17:02:07,571 - INFO - 📄 Processando: REL-P122-P22052-MP-04B -> P122_52-MP-20_2018-08-20_params.csv
2025-10-28 17:02:07,580 - INFO - 📄 Processando: REL-P122-P22052-MP-06A -> P122_52-MP-20_2018-08-20_params.csv
2025-10-28 17:02:07,594 - INFO - 📄 Processando: REL-P122-P22052-MP-06B -> P122_52-MP-20_2018-08-20_params.csv
2025-10-28 17:02:07,604 - INFO - 📄 Processando: REL-P122-P22052-MP-08A -> P122_52-MP-20_2018-08-20_params.csv
2025-10-28 17:02:07,615 - INFO - 📄 Processando: REL-P122-P22052-MP-21A -> P122_52-MP-20_2018-08-20_params.csv
2025-10-28 17:02:07,625 - INFO - 📄 Processando: REL-P122-P22052-MP-21B -> P122_52-MP-20_2018-08-20_params.csv
2025-10-28 17:02:07,637 - INFO - 📄 Processando: REL-P122-P22052-MP-29B -> P122_52-MP-20_2018-08-20_params.csv
2025-10-28 17:02:07,648 - INFO - 📄 Processando: REL-P122-P22052-MP-30 -> P122_52-MP-20_2018-08-20_params.csv
2025-10-28 17:02:07,657 - INFO - 📄 Processando: REL-P122-P22053-MP-01A -> P122_52-MP-20_2018-08-20_params.csv
2025-10-28 17:02:07,672 - INFO - 📄 Processando: REL-P122-P22053-MP-01B -> P122_52-MP-20_2018-08-20_params.csv
2025-10-28 17:02:07,683 - INFO - 📄 Processando: REL-P122-P22053-MP-08A -> P122_52-MP-20_2018-08-20_params.csv
2025-10-28 17:02:07,693 - INFO - 📄 Processando: REL-P122-P22053-MP-08B -> P122_52-MP-20_2018-08-20_params.csv
2025-10-28 17:02:07,705 - INFO - 📄 Processando: REL-P122-P220-52-MP-08B -> P122_52-MP-20_2018-08-20_params.csv
2025-10-28 17:02:07,716 - INFO - 📄 Processando: REL-P122-P22052-MK-02A -> P122 52-MF-02A_2021-03-08_params.csv
2025-10-28 17:02:07,731 - INFO - 📄 Processando: REL-P122-P22052-MK-02B -> P122_52-MP-20_2018-08-20_params.csv
2025-10-28 17:02:07,741 - INFO - 📄 Processando: REL-P122-P22054-MP-1A2 -> P122_52-MP-20_2018-08-20_params.csv
2025-10-28 17:02:07,752 - INFO - 📄 Processando: REL-P241-P24152-MP-202 -> P241_53-MK-01_2019-08-15_params.csv
2025-10-28 17:02:07,753 - INFO - 📄 Processando: REL-P241-P24153-MK-012 -> P241_53-MK-01_2019-08-15_params.csv
2025-10-28 17:02:07,754 - INFO - 📄 Processando: REL-P122-P92252-MF-01BC -> P122_52-MP-20_2018-08-20_params.csv
2025-10-28 17:02:07,765 - INFO - 📄 Processando: REL-P122-P92252-MF-02AC -> P122_52-MP-20_2018-08-20_params.csv
2025-10-28 17:02:07,777 - INFO - 📄 Processando: REL-P122-P92252-MF-03AC -> P122_52-MP-20_2018-08-20_params.csv
2025-10-28 17:02:07,789 - INFO - 📄 Processando: REL-P122-P92252-MF-03BC -> P122_52-MP-20_2018-08-20_params.csv
2025-10-28 17:02:07,802 - INFO - 📄 Processando: REL-P122-P92252-MF-2BC -> P122_52-MP-20_2018-08-20_params.csv
2025-10-28 17:02:07,814 - INFO - 📄 Processando: REL-P122-P922S204-MF-1A -> P122_52-MP-20_2018-08-20_params.csv
2025-10-28 17:02:07,824 - INFO - 📄 Processando: REL-P122-P12252-MF-03B -> P122_52-MP-20_2018-08-20_params.csv
2025-10-28 17:02:07,836 - INFO - ✅ Processamento concluído:
2025-10-28 17:02:07,836 - INFO -    🔧 Funções de proteção processadas: 234
2025-10-28 17:02:07,836 - INFO -    ⚙️ Configurações processadas: 142
2025-10-28 17:02:07,842 - INFO - ✅ Conectado ao PostgreSQL
2025-10-28 17:02:07,842 - INFO - ============================================================
2025-10-28 17:02:07,842 - INFO - 📊 VALIDAÇÃO RESULTADO FINAL:
2025-10-28 17:02:07,843 - INFO -    EQUIPMENT_PROTECTION_FUNCTIONS: 234
2025-10-28 17:02:07,844 - INFO -    FUNCTIONS_ENABLED: 47
2025-10-28 17:02:07,844 - INFO -    FUNCTIONS_DISABLED: 187
2025-10-28 17:02:07,845 - INFO -    RELAY_SETTINGS: 142
2025-10-28 17:02:07,845 - INFO -    SETTINGS_ENABLED: 142
2025-10-28 17:02:07,846 - INFO - ============================================================
2025-10-28 17:02:07,846 - INFO - 🎉 CORREÇÃO DA ARQUITETURA CONCLUÍDA COM SUCESSO!
2025-10-28 17:02:07,846 - INFO - ✅ CAUSA RAIZ TRATADA: Status ENABLED/DISABLED implementado
